c:\users\mirrorworld\desktop\nea\nea\debug\vc141.pdb
c:\users\mirrorworld\desktop\nea\nea\debug\vc141.idb
c:\users\mirrorworld\desktop\nea\nea\debug\transform.obj
c:\users\mirrorworld\desktop\nea\nea\debug\modelloader.obj
c:\users\mirrorworld\desktop\nea\nea\debug\model.obj
c:\users\mirrorworld\desktop\nea\nea\debug\geometry.obj
c:\users\mirrorworld\desktop\nea\nea\debug\object.obj
c:\users\mirrorworld\desktop\nea\nea\debug\bvh.obj
c:\users\mirrorworld\desktop\nea\nea\debug\main.obj
c:\users\mirrorworld\desktop\nea\nea\debug\camera.obj
c:\users\mirrorworld\desktop\nea\debug\nea.exe
c:\users\mirrorworld\desktop\nea\debug\nea.ilk
c:\users\mirrorworld\desktop\nea\debug\nea.pdb
c:\users\mirrorworld\desktop\nea\nea\debug\objloader.obj
c:\users\mirrorworld\desktop\nea\nea\debug\nea.tlog\cl.command.1.tlog
c:\users\mirrorworld\desktop\nea\nea\debug\nea.tlog\cl.read.1.tlog
c:\users\mirrorworld\desktop\nea\nea\debug\nea.tlog\cl.write.1.tlog
c:\users\mirrorworld\desktop\nea\nea\debug\nea.tlog\link.command.1.tlog
c:\users\mirrorworld\desktop\nea\nea\debug\nea.tlog\link.read.1.tlog
c:\users\mirrorworld\desktop\nea\nea\debug\nea.tlog\link.write.1.tlog
